22-07-24 11:49:39 AM Sunday: INFO: Clicked on Element with locatorType id and with locatorString com.nusatrip.android:id/hotelButton
22-07-24 11:49:40 AM Sunday: INFO: Element found with locatorType id and with locatorString com.nusatrip.android:id/titletext
22-07-24 11:59:19 AM Sunday: INFO: Clicked on Element with locatorType id and with locatorString com.nusatrip.android:id/hotelButton
22-07-24 11:59:21 AM Sunday: INFO: Element found with locatorType id and with locatorString com.nusatrip.android:id/titletext
22-07-24 01:15:33 PM Sunday: INFO: Clicked on Element with locatorType id and with locatorString com.nusatrip.android:id/hotelButton
22-07-24 01:15:34 PM Sunday: INFO: Element found with locatorType id and with locatorString com.nusatrip.android:id/titletext
22-07-24 01:15:36 PM Sunday: INFO: Clicked on Element with locatorType id and with locatorString com.nusatrip.android:id/searchHotelLocationText
22-07-24 01:15:37 PM Sunday: INFO: Clicked on Element with locatorType text and with locatorString Jakarta
22-07-24 01:15:37 PM Sunday: INFO: Clicked on Element with locatorType id and with locatorString com.nusatrip.android:id/checkInDateLayout
22-07-24 01:15:39 PM Sunday: INFO: Clicked on Element with locatorType xpath and with locatorString /hierarchy/android.widget.FrameLayout/android.widget.LinearLayout/android.widget.FrameLayout/android.widget.LinearLayout/android.widget.FrameLayout/android.support.v4.widget.DrawerLayout/android.view.ViewGroup/android.widget.LinearLayout/android.widget.FrameLayout/android.widget.RelativeLayout/android.widget.LinearLayout[2]/android.widget.FrameLayout/android.widget.ListView/android.view.ViewGroup[1]/android.widget.LinearLayout[2]/android.view.ViewGroup/android.view.ViewGroup[2]/android.widget.TextView[3]
22-07-24 01:15:39 PM Sunday: INFO: Clicked on Element with locatorType xpath and with locatorString /hierarchy/android.widget.FrameLayout/android.widget.LinearLayout/android.widget.FrameLayout/android.widget.LinearLayout/android.widget.FrameLayout/android.support.v4.widget.DrawerLayout/android.view.ViewGroup/android.widget.LinearLayout/android.widget.FrameLayout/android.widget.RelativeLayout/android.widget.LinearLayout[2]/android.widget.FrameLayout/android.widget.ListView/android.view.ViewGroup[1]/android.widget.LinearLayout[2]/android.view.ViewGroup/android.view.ViewGroup[2]/android.widget.TextView[5]
22-07-24 01:15:50 PM Sunday: INFO: Unable to click on Element with locatorType id and with locatorString com.nusatrip.android:id/adultsCount
22-07-24 01:16:00 PM Sunday: INFO: Unable to click on Element with locatorType id and with locatorString com.nusatrip.android:id/one
22-07-24 01:16:01 PM Sunday: INFO: Unable to click on Element with locatorType id and with locatorString com.nusatrip.android:id/search_hotel
22-07-24 01:16:44 PM Sunday: INFO: Clicked on Element with locatorType id and with locatorString com.nusatrip.android:id/hotelButton
22-07-24 01:16:45 PM Sunday: INFO: Element found with locatorType id and with locatorString com.nusatrip.android:id/titletext
22-07-24 01:16:46 PM Sunday: INFO: Clicked on Element with locatorType id and with locatorString com.nusatrip.android:id/searchHotelLocationText
22-07-24 01:16:48 PM Sunday: INFO: Clicked on Element with locatorType text and with locatorString Jakarta
22-07-24 01:16:48 PM Sunday: INFO: Clicked on Element with locatorType id and with locatorString com.nusatrip.android:id/checkInDateLayout
22-07-24 01:16:49 PM Sunday: INFO: Clicked on Element with locatorType xpath and with locatorString /hierarchy/android.widget.FrameLayout/android.widget.LinearLayout/android.widget.FrameLayout/android.widget.LinearLayout/android.widget.FrameLayout/android.support.v4.widget.DrawerLayout/android.view.ViewGroup/android.widget.LinearLayout/android.widget.FrameLayout/android.widget.RelativeLayout/android.widget.LinearLayout[2]/android.widget.FrameLayout/android.widget.ListView/android.view.ViewGroup[1]/android.widget.LinearLayout[2]/android.view.ViewGroup/android.view.ViewGroup[2]/android.widget.TextView[3]
22-07-24 01:16:50 PM Sunday: INFO: Clicked on Element with locatorType xpath and with locatorString /hierarchy/android.widget.FrameLayout/android.widget.LinearLayout/android.widget.FrameLayout/android.widget.LinearLayout/android.widget.FrameLayout/android.support.v4.widget.DrawerLayout/android.view.ViewGroup/android.widget.LinearLayout/android.widget.FrameLayout/android.widget.RelativeLayout/android.widget.LinearLayout[2]/android.widget.FrameLayout/android.widget.ListView/android.view.ViewGroup[1]/android.widget.LinearLayout[2]/android.view.ViewGroup/android.view.ViewGroup[2]/android.widget.TextView[5]
22-07-24 01:16:50 PM Sunday: INFO: Clicked on Element with locatorType id and with locatorString com.nusatrip.android:id/done
22-07-24 01:16:51 PM Sunday: INFO: Clicked on Element with locatorType id and with locatorString com.nusatrip.android:id/adultsCount
22-07-24 01:16:53 PM Sunday: INFO: Clicked on Element with locatorType id and with locatorString com.nusatrip.android:id/one
22-07-24 01:16:53 PM Sunday: INFO: Clicked on Element with locatorType id and with locatorString com.nusatrip.android:id/search_hotel
22-07-24 01:22:10 PM Sunday: INFO: Clicked on Element with locatorType id and with locatorString com.nusatrip.android:id/hotelButton
22-07-24 01:22:11 PM Sunday: INFO: Element found with locatorType id and with locatorString com.nusatrip.android:id/titletext
22-07-24 01:22:12 PM Sunday: INFO: Clicked on Element with locatorType id and with locatorString com.nusatrip.android:id/searchHotelLocationText
22-07-24 01:22:14 PM Sunday: INFO: Clicked on Element with locatorType text and with locatorString Jakarta
22-07-24 01:22:14 PM Sunday: INFO: Clicked on Element with locatorType id and with locatorString com.nusatrip.android:id/checkInDateLayout
22-07-24 01:22:15 PM Sunday: INFO: Clicked on Element with locatorType xpath and with locatorString /hierarchy/android.widget.FrameLayout/android.widget.LinearLayout/android.widget.FrameLayout/android.widget.LinearLayout/android.widget.FrameLayout/android.support.v4.widget.DrawerLayout/android.view.ViewGroup/android.widget.LinearLayout/android.widget.FrameLayout/android.widget.RelativeLayout/android.widget.LinearLayout[2]/android.widget.FrameLayout/android.widget.ListView/android.view.ViewGroup[1]/android.widget.LinearLayout[2]/android.view.ViewGroup/android.view.ViewGroup[2]/android.widget.TextView[3]
22-07-24 01:22:16 PM Sunday: INFO: Clicked on Element with locatorType xpath and with locatorString /hierarchy/android.widget.FrameLayout/android.widget.LinearLayout/android.widget.FrameLayout/android.widget.LinearLayout/android.widget.FrameLayout/android.support.v4.widget.DrawerLayout/android.view.ViewGroup/android.widget.LinearLayout/android.widget.FrameLayout/android.widget.RelativeLayout/android.widget.LinearLayout[2]/android.widget.FrameLayout/android.widget.ListView/android.view.ViewGroup[1]/android.widget.LinearLayout[2]/android.view.ViewGroup/android.view.ViewGroup[2]/android.widget.TextView[5]
22-07-24 01:22:16 PM Sunday: INFO: Clicked on Element with locatorType id and with locatorString com.nusatrip.android:id/done
22-07-24 01:22:17 PM Sunday: INFO: Clicked on Element with locatorType id and with locatorString com.nusatrip.android:id/adultsCount
22-07-24 01:22:19 PM Sunday: INFO: Clicked on Element with locatorType id and with locatorString com.nusatrip.android:id/one
22-07-24 01:22:19 PM Sunday: INFO: Clicked on Element with locatorType id and with locatorString com.nusatrip.android:id/search_hotel
22-07-24 01:22:22 PM Sunday: INFO: Element found with locatorType id and with locatorString com.nusatrip.android:id/titletext
22-07-24 01:22:58 PM Sunday: INFO: Clicked on Element with locatorType id and with locatorString com.nusatrip.android:id/hotelButton
22-07-24 01:22:59 PM Sunday: INFO: Element found with locatorType id and with locatorString com.nusatrip.android:id/titletext
22-07-24 01:22:59 PM Sunday: INFO: Clicked on Element with locatorType id and with locatorString com.nusatrip.android:id/searchHotelLocationText
22-07-24 01:23:01 PM Sunday: INFO: Clicked on Element with locatorType text and with locatorString Jakarta
22-07-24 01:23:01 PM Sunday: INFO: Clicked on Element with locatorType id and with locatorString com.nusatrip.android:id/checkInDateLayout
22-07-24 01:23:03 PM Sunday: INFO: Clicked on Element with locatorType xpath and with locatorString /hierarchy/android.widget.FrameLayout/android.widget.LinearLayout/android.widget.FrameLayout/android.widget.LinearLayout/android.widget.FrameLayout/android.support.v4.widget.DrawerLayout/android.view.ViewGroup/android.widget.LinearLayout/android.widget.FrameLayout/android.widget.RelativeLayout/android.widget.LinearLayout[2]/android.widget.FrameLayout/android.widget.ListView/android.view.ViewGroup[1]/android.widget.LinearLayout[2]/android.view.ViewGroup/android.view.ViewGroup[2]/android.widget.TextView[3]
22-07-24 01:23:03 PM Sunday: INFO: Clicked on Element with locatorType xpath and with locatorString /hierarchy/android.widget.FrameLayout/android.widget.LinearLayout/android.widget.FrameLayout/android.widget.LinearLayout/android.widget.FrameLayout/android.support.v4.widget.DrawerLayout/android.view.ViewGroup/android.widget.LinearLayout/android.widget.FrameLayout/android.widget.RelativeLayout/android.widget.LinearLayout[2]/android.widget.FrameLayout/android.widget.ListView/android.view.ViewGroup[1]/android.widget.LinearLayout[2]/android.view.ViewGroup/android.view.ViewGroup[2]/android.widget.TextView[5]
22-07-24 01:23:04 PM Sunday: INFO: Clicked on Element with locatorType id and with locatorString com.nusatrip.android:id/done
22-07-24 01:23:04 PM Sunday: INFO: Clicked on Element with locatorType id and with locatorString com.nusatrip.android:id/adultsCount
22-07-24 01:23:06 PM Sunday: INFO: Clicked on Element with locatorType id and with locatorString com.nusatrip.android:id/one
22-07-24 01:23:06 PM Sunday: INFO: Clicked on Element with locatorType id and with locatorString com.nusatrip.android:id/search_hotel
22-07-24 01:23:13 PM Sunday: INFO: Element found with locatorType id and with locatorString com.nusatrip.android:id/titletext
22-07-24 01:24:20 PM Sunday: INFO: Clicked on Element with locatorType id and with locatorString com.nusatrip.android:id/hotelButton
22-07-24 01:24:21 PM Sunday: INFO: Element found with locatorType id and with locatorString com.nusatrip.android:id/titletext
22-07-24 01:24:21 PM Sunday: INFO: Clicked on Element with locatorType id and with locatorString com.nusatrip.android:id/searchHotelLocationText
22-07-24 01:24:23 PM Sunday: INFO: Clicked on Element with locatorType text and with locatorString Jakarta
22-07-24 01:24:23 PM Sunday: INFO: Clicked on Element with locatorType id and with locatorString com.nusatrip.android:id/checkInDateLayout
22-07-24 01:24:25 PM Sunday: INFO: Clicked on Element with locatorType xpath and with locatorString /hierarchy/android.widget.FrameLayout/android.widget.LinearLayout/android.widget.FrameLayout/android.widget.LinearLayout/android.widget.FrameLayout/android.support.v4.widget.DrawerLayout/android.view.ViewGroup/android.widget.LinearLayout/android.widget.FrameLayout/android.widget.RelativeLayout/android.widget.LinearLayout[2]/android.widget.FrameLayout/android.widget.ListView/android.view.ViewGroup[1]/android.widget.LinearLayout[2]/android.view.ViewGroup/android.view.ViewGroup[2]/android.widget.TextView[3]
22-07-24 01:24:25 PM Sunday: INFO: Clicked on Element with locatorType xpath and with locatorString /hierarchy/android.widget.FrameLayout/android.widget.LinearLayout/android.widget.FrameLayout/android.widget.LinearLayout/android.widget.FrameLayout/android.support.v4.widget.DrawerLayout/android.view.ViewGroup/android.widget.LinearLayout/android.widget.FrameLayout/android.widget.RelativeLayout/android.widget.LinearLayout[2]/android.widget.FrameLayout/android.widget.ListView/android.view.ViewGroup[1]/android.widget.LinearLayout[2]/android.view.ViewGroup/android.view.ViewGroup[2]/android.widget.TextView[5]
22-07-24 01:24:26 PM Sunday: INFO: Clicked on Element with locatorType id and with locatorString com.nusatrip.android:id/done
22-07-24 01:24:26 PM Sunday: INFO: Clicked on Element with locatorType id and with locatorString com.nusatrip.android:id/adultsCount
22-07-24 01:24:28 PM Sunday: INFO: Clicked on Element with locatorType id and with locatorString com.nusatrip.android:id/one
22-07-24 01:24:28 PM Sunday: INFO: Clicked on Element with locatorType id and with locatorString com.nusatrip.android:id/search_hotel
22-07-24 01:24:31 PM Sunday: INFO: Element found with locatorType id and with locatorString com.nusatrip.android:id/titletext
22-07-24 02:22:31 PM Sunday: INFO: Clicked on Element with locatorType id and with locatorString com.nusatrip.android:id/flightButton
22-07-24 02:22:32 PM Sunday: INFO: Element found with locatorType id and with locatorString com.nusatrip.android:id/titletext
22-07-24 02:22:32 PM Sunday: INFO: Clicked on Element with locatorType id and with locatorString com.nusatrip.android:id/departureCodeLayout
22-07-24 02:22:34 PM Sunday: INFO: Clicked on Element with locatorType text and with locatorString Jakarta (CGK)
22-07-24 02:22:34 PM Sunday: INFO: Clicked on Element with locatorType id and with locatorString com.nusatrip.android:id/arrivalCodeLayout
22-07-24 02:22:36 PM Sunday: INFO: Clicked on Element with locatorType text and with locatorString Denpasar (DPS)
22-07-24 02:22:36 PM Sunday: INFO: Clicked on Element with locatorType id and with locatorString com.nusatrip.android:id/departingDateLayout
22-07-24 02:22:37 PM Sunday: INFO: Clicked on Element with locatorType xpath and with locatorString /hierarchy/android.widget.FrameLayout/android.widget.LinearLayout/android.widget.FrameLayout/android.widget.LinearLayout/android.widget.FrameLayout/android.support.v4.widget.DrawerLayout/android.view.ViewGroup/android.widget.LinearLayout/android.widget.FrameLayout/android.widget.RelativeLayout/android.widget.LinearLayout[2]/android.widget.FrameLayout/android.widget.ListView/android.view.ViewGroup/android.widget.LinearLayout[2]/android.view.ViewGroup/android.view.ViewGroup[5]/android.widget.TextView[4]
22-07-24 02:22:38 PM Sunday: INFO: Clicked on Element with locatorType id and with locatorString com.nusatrip.android:id/PassengerLayout
22-07-24 02:22:39 PM Sunday: INFO: Clicked on Element with locatorType id and with locatorString com.nusatrip.android:id/adultsCount
22-07-24 02:22:39 PM Sunday: INFO: Clicked on Element with locatorType id and with locatorString com.nusatrip.android:id/two
22-07-24 02:22:40 PM Sunday: INFO: Clicked on Element with locatorType id and with locatorString com.nusatrip.android:id/done
22-07-24 02:22:40 PM Sunday: INFO: Clicked on Element with locatorType id and with locatorString com.nusatrip.android:id/search_flight
22-07-24 02:22:43 PM Sunday: INFO: Element found with locatorType id and with locatorString com.nusatrip.android:id/departairport
22-07-24 02:22:43 PM Sunday: INFO: Element found with locatorType id and with locatorString com.nusatrip.android:id/arrivalCode
